2023-11-26 15:39:54,099 - INFO - Игра начинается
2023-11-26 15:40:01,031 - INFO - Пользователь ввел числа N=7 и k=3
2023-11-26 15:40:01,031 - INFO - Загаданное число: 3
2023-11-26 15:40:03,965 - INFO - Попытка угадать число: 4
2023-11-26 15:40:03,966 - INFO - Загаданное число меньше
2023-11-26 15:40:07,160 - INFO - Попытка угадать число: 3
2023-11-26 15:40:07,161 - INFO - Игрок угадал число
2023-11-26 15:44:01,879 - INFO - Игра начинается
2023-11-26 15:44:05,195 - INFO - Пользователь ввел числа N=10 и k=5
2023-11-26 15:44:05,195 - INFO - Загаданное число: 8
2023-11-26 15:44:08,156 - INFO - Попытка угадать число: 5
2023-11-26 15:44:08,157 - INFO - Загаданное число больше
2023-11-26 15:44:11,305 - INFO - Попытка угадать число: 7
2023-11-26 15:44:11,307 - INFO - Загаданное число больше
2023-11-26 15:44:13,927 - INFO - Попытка угадать число: 8
2023-11-26 15:44:13,927 - INFO - Игрок угадал число
2023-11-26 15:44:39,553 - INFO - Игра начинается
2023-11-26 15:44:47,138 - WARNING - Введены некорректные данные
2023-11-26 15:45:08,143 - INFO - Игра начинается
2023-11-26 15:45:16,172 - WARNING - Введены некорректные данные
